Build started 05.10.2017 1:06:33.
     1>Project "D:\MATH-x2\MATH x2\MATH x2.vcxproj" on node 2 (Build target(s)).
     1>ClCompile:
         D:\Visual Studio 2013\VC\bin\CL.exe /c /Zi /nologo /W3 /WX- /sdl /O2 /Oi /Oy- /GL /D WIN32 /D NDEBUG /D _WINDOWS /D _UNICODE /D UNICODE /Gm- /EHsc /MD /GS /Gy /fp:precise /Zc:wchar_t /Zc:forScope /Fo"Release\\" /Fd"Release\vc120.pdb" /Gd /TP /analyze- /errorReport:prompt Game.cpp main.cpp Math.cpp Menu.cpp PName.cpp Question.cpp Scoreboard.cpp
         Game.cpp
     1>Game.cpp(43): warning C4244: 'argument' : conversion from 'time_t' to 'unsigned int', possible loss of data
     1>Game.cpp(57): warning C4244: 'argument' : conversion from 'time_t' to 'unsigned int', possible loss of data
     1>Game.cpp(73): warning C4244: 'argument' : conversion from 'time_t' to 'unsigned int', possible loss of data
     1>Game.cpp(88): warning C4244: 'argument' : conversion from 'time_t' to 'unsigned int', possible loss of data
     1>Game.cpp(117): warning C4244: 'argument' : conversion from 'time_t' to 'unsigned int', possible loss of data
     1>Game.cpp(131): warning C4244: 'argument' : conversion from 'time_t' to 'unsigned int', possible loss of data
     1>Game.cpp(146): warning C4244: 'argument' : conversion from 'time_t' to 'unsigned int', possible loss of data
     1>Game.cpp(162): warning C4244: 'argument' : conversion from 'time_t' to 'unsigned int', possible loss of data
         main.cpp
         Math.cpp
         Menu.cpp
         PName.cpp
         Question.cpp
     1>Question.cpp(76): warning C4101: 'sign' : unreferenced local variable
     1>Question.cpp(335): warning C4244: 'argument' : conversion from 'time_t' to 'unsigned int', possible loss of data
     1>Question.cpp(336): warning C4101: 'tchislo' : unreferenced local variable
     1>Question.cpp(352): warning C4244: 'argument' : conversion from 'time_t' to 'unsigned int', possible loss of data
     1>Question.cpp(368): warning C4244: 'argument' : conversion from 'time_t' to 'unsigned int', possible loss of data
     1>Question.cpp(386): warning C4244: 'argument' : conversion from 'time_t' to 'unsigned int', possible loss of data
     1>Question.cpp(404): warning C4244: 'argument' : conversion from 'time_t' to 'unsigned int', possible loss of data
     1>Question.cpp(422): warning C4244: 'argument' : conversion from 'time_t' to 'unsigned int', possible loss of data
     1>Question.cpp(462): warning C4244: 'argument' : conversion from 'time_t' to 'unsigned int', possible loss of data
     1>Question.cpp(463): warning C4101: 'tchislo' : unreferenced local variable
     1>Question.cpp(481): warning C4244: 'argument' : conversion from 'time_t' to 'unsigned int', possible loss of data
     1>Question.cpp(499): warning C4244: 'argument' : conversion from 'time_t' to 'unsigned int', possible loss of data
     1>Question.cpp(516): warning C4244: 'argument' : conversion from 'time_t' to 'unsigned int', possible loss of data
     1>Question.cpp(534): warning C4244: 'argument' : conversion from 'time_t' to 'unsigned int', possible loss of data
         Scoreboard.cpp
       ResourceCompile:
         C:\Program Files (x86)\Windows Kits\8.1\bin\x86\rc.exe /D _UNICODE /D UNICODE /l"0x0409" /nologo /fo"Release\Win32Project1.res" Win32Project1.rc 
       Link:
         D:\Visual Studio 2013\VC\bin\link.exe /ERRORREPORT:PROMPT /OUT:"D:\MATH-x2\Release\MATH x2.exe" /INCREMENTAL:NO /NOLOGO kernel32.lib user32.lib gdi32.lib winspool.lib comdlg32.lib advapi32.lib shell32.lib ole32.lib oleaut32.lib uuid.lib odbc32.lib odbccp32.lib /MANIFEST /MANIFESTUAC:"level='asInvoker' uiAccess='false'" /manifest:embed /DEBUG /PDB:"D:\MATH-x2\Release\MATH x2.pdb" /SUBSYSTEM:WINDOWS /OPT:REF /OPT:ICF /LTCG /TLBID:1 /DYNAMICBASE /NXCOMPAT /IMPLIB:"D:\MATH-x2\Release\MATH x2.lib" /MACHINE:X86 /SAFESEH Release\Win32Project1.res
         Release\Game.obj
         Release\main.obj
         Release\Math.obj
         Release\Menu.obj
         Release\PName.obj
         Release\Question.obj
         Release\Scoreboard.obj
         Generating code
         Finished generating code
         MATH x2.vcxproj -> D:\MATH-x2\Release\MATH x2.exe
     1>Done Building Project "D:\MATH-x2\MATH x2\MATH x2.vcxproj" (Build target(s)).

Build succeeded.

Time Elapsed 00:00:07.19
